Using pre-set license
Built from '2020.3/staging' branch; Version is '2020.3.30f1 (1fb1bf06830e) revision 2077119'; Using compiler version '192528614'; Build Type 'Release'
OS: 'Windows 10  (10.0.19044) 64bit Professional' Language: 'ko' Physical Memory: 16121 MB
BatchMode: 1, IsHumanControllingUs: 0, StartBugReporterOnCrash: 0, Is64bit: 1, IsPro: 0

COMMAND LINE ARGUMENTS:
C:\Program Files\Unity\Hub\Editor\2020.3.30f1\Editor\Unity.exe
-adb2
-batchMode
-noUpm
-name
AssetImportWorker0
-projectPath
C:/Users/user/OneDrive/문서/GitHub/GameProject1G1S/GameProject1G1S
-logFile
Logs/AssetImportWorker0.log
-srvPort
54029
Successfully changed project path to: C:/Users/user/OneDrive/문서/GitHub/GameProject1G1S/GameProject1G1S
C:/Users/user/OneDrive/문서/GitHub/GameProject1G1S/GameProject1G1S
Using Asset Import Pipeline V2.
Refreshing native plugins compatible for Editor in 39.38 ms, found 3 plugins.
Preloading 0 native plugins for Editor in 0.00 ms.
Initialize engine version: 2020.3.30f1 (1fb1bf06830e)
[Subsystems] Discovering subsystems at path C:/Program Files/Unity/Hub/Editor/2020.3.30f1/Editor/Data/Resources/UnitySubsystems
[Subsystems] Discovering subsystems at path C:/Users/user/OneDrive/문서/GitHub/GameProject1G1S/GameProject1G1S/Assets
GfxDevice: creating device client; threaded=0
Direct3D:
    Version:  Direct3D 11.0 [level 11.1]
    Renderer: NVIDIA GeForce RTX 3050 Ti Laptop GPU (ID=0x25a0)
    Vendor:   
    VRAM:     3990 MB
    Driver:   27.21.14.6235
Initialize mono
Mono path[0] = 'C:/Program Files/Unity/Hub/Editor/2020.3.30f1/Editor/Data/Managed'
Mono path[1] = 'C:/Program Files/Unity/Hub/Editor/2020.3.30f1/Editor/Data/MonoBleedingEdge/lib/mono/unityjit'
Mono config path = 'C:/Program Files/Unity/Hub/Editor/2020.3.30f1/Editor/Data/MonoBleedingEdge/etc'
Using monoOptions --debugger-agent=transport=dt_socket,embedding=1,server=y,suspend=n,address=127.0.0.1:56716
Begin MonoManager ReloadAssembly
Registering precompiled unity dll's ...
Register platform support module: C:/Program Files/Unity/Hub/Editor/2020.3.30f1/Editor/Data/PlaybackEngines/WindowsStandaloneSupport/UnityEditor.WindowsStandalone.Extensions.dll
Registered in 0.001281 seconds.
Native extension for WindowsStandalone target not found
Refreshing native plugins compatible for Editor in 34.92 ms, found 3 plugins.
Preloading 0 native plugins for Editor in 0.00 ms.
Mono: successfully reloaded assembly
- Completed reload, in  0.438 seconds
Domain Reload Profiling:
	ReloadAssembly (438ms)
		BeginReloadAssembly (54ms)
			ExecutionOrderSort (0ms)
			DisableScriptedObjects (0ms)
			BackupInstance (0ms)
			ReleaseScriptingObjects (0ms)
			CreateAndSetChildDomain (1ms)
		EndReloadAssembly (329ms)
			LoadAssemblies (52ms)
			RebuildTransferFunctionScriptingTraits (0ms)
			SetupTypeCache (101ms)
			ReleaseScriptCaches (0ms)
			RebuildScriptCaches (20ms)
			SetupLoadedEditorAssemblies (120ms)
				LogAssemblyErrors (0ms)
				InitializePlatformSupportModulesInManaged (3ms)
				SetLoadedEditorAssemblies (0ms)
				RefreshPlugins (35ms)
				BeforeProcessingInitializeOnLoad (11ms)
				ProcessInitializeOnLoadAttributes (53ms)
				ProcessInitializeOnLoadMethodAttributes (18ms)
				AfterProcessingInitializeOnLoad (0ms)
				EditorAssembliesLoaded (0ms)
			ExecutionOrderSort2 (0ms)
			AwakeInstancesAfterBackupRestoration (0ms)
Platform modules already initialized, skipping
Registering precompiled user dll's ...
Registered in 0.002860 seconds.
Begin MonoManager ReloadAssembly
Native extension for WindowsStandalone target not found
Refreshing native plugins compatible for Editor in 40.62 ms, found 3 plugins.
Preloading 0 native plugins for Editor in 0.00 ms.
Mono: successfully reloaded assembly
- Completed reload, in  0.811 seconds
Domain Reload Profiling:
	ReloadAssembly (811ms)
		BeginReloadAssembly (103ms)
			ExecutionOrderSort (0ms)
			DisableScriptedObjects (3ms)
			BackupInstance (0ms)
			ReleaseScriptingObjects (0ms)
			CreateAndSetChildDomain (17ms)
		EndReloadAssembly (664ms)
			LoadAssemblies (66ms)
			RebuildTransferFunctionScriptingTraits (0ms)
			SetupTypeCache (187ms)
			ReleaseScriptCaches (0ms)
			RebuildScriptCaches (36ms)
			SetupLoadedEditorAssemblies (287ms)
				LogAssemblyErrors (0ms)
				InitializePlatformSupportModulesInManaged (2ms)
				SetLoadedEditorAssemblies (0ms)
				RefreshPlugins (41ms)
				BeforeProcessingInitializeOnLoad (74ms)
				ProcessInitializeOnLoadAttributes (154ms)
				ProcessInitializeOnLoadMethodAttributes (12ms)
				AfterProcessingInitializeOnLoad (4ms)
				EditorAssembliesLoaded (0ms)
			ExecutionOrderSort2 (0ms)
			AwakeInstancesAfterBackupRestoration (4ms)
Platform modules already initialized, skipping
========================================================================
Worker process is ready to serve import requests
Launched and connected shader compiler UnityShaderCompiler.exe after 0.04 seconds
Refreshing native plugins compatible for Editor in 0.42 ms, found 3 plugins.
Preloading 0 native plugins for Editor in 0.00 ms.
Unloading 2196 Unused Serialized files (Serialized files now loaded: 0)
System memory in use before: 98.7 MB.
System memory in use after: 98.6 MB.

Unloading 31 unused Assets to reduce memory usage. Loaded Objects now: 2626.
Total: 2.485300 ms (FindLiveObjects: 0.106300 ms CreateObjectMapping: 0.035000 ms MarkObjects: 2.196900 ms  DeleteObjects: 0.146700 ms)

AssetImportParameters requested are different than current active one (requested -> active):
  custom:framework-win-MediaFoundation: 216162199b28c13a410421893ffa2e32 -> 
  custom:video-decoder-ogg-theora: a1e56fd34408186e4bbccfd4996cb3dc -> 
  custom:container-muxer-webm: aa71ff27fc2769a1b78a27578f13a17b -> 
  custom:container-demuxer-webm: 4f35f7cbe854078d1ac9338744f61a02 -> 
  custom:container-demuxer-ogg: 62fdf1f143b41e24485cea50d1cbac27 -> 
  custom:video-encoder-webm-vp8: eb34c28f22e8b96e1ab97ce403110664 -> 
  custom:video-codec-MediaFoundation-h265: 746d11721c4dcdbdad8f713fa42b33f4 -> 
  custom:video-decoder-webm-vp8: 9c59270c3fd7afecdb556c50c9e8de78 -> 
  custom:audio-decoder-ogg-vorbis: bf7c407c2cedff20999df2af8eb42d56 -> 
  custom:audio-encoder-webm-vorbis: bf7c407c2cedff20999df2af8eb42d56 -> 
========================================================================
Received Import Request.
  path: Assets/Assets/PlayStage/PlayStageApeirogon.png
  artifactKey: Guid(846f823a6f3ec39478b7bd45206b8dfe) Importer(815301076,1909f56bfc062723c751e8b465ee728b)
Start importing Assets/Assets/PlayStage/PlayStageApeirogon.png using Guid(846f823a6f3ec39478b7bd45206b8dfe) Importer(815301076,1909f56bfc062723c751e8b465ee728b)  -> (artifact id: '4b1c9df535aa1d4c664d08efd7349051') in 0.078857 seconds 
========================================================================
Received Import Request.
  Time since last request: 613.963280 seconds.
  path: Assets/Assets/PlayStage/PlayStageDigon.png
  artifactKey: Guid(a917b029f02ba754e970446f1180d9ce) Importer(815301076,1909f56bfc062723c751e8b465ee728b)
Start importing Assets/Assets/PlayStage/PlayStageDigon.png using Guid(a917b029f02ba754e970446f1180d9ce) Importer(815301076,1909f56bfc062723c751e8b465ee728b)  -> (artifact id: 'f1200b635355ea67c5a7e8a250c42ca1') in 0.026028 seconds 
========================================================================
Received Import Request.
  Time since last request: 0.473887 seconds.
  path: Assets/Assets/PlayStage/PlayStageDodecagon.png
  artifactKey: Guid(80b8a9c012485cd4fb36116a67c7c674) Importer(815301076,1909f56bfc062723c751e8b465ee728b)
Start importing Assets/Assets/PlayStage/PlayStageDodecagon.png using Guid(80b8a9c012485cd4fb36116a67c7c674) Importer(815301076,1909f56bfc062723c751e8b465ee728b)  -> (artifact id: 'a8d5fdd1aa0511bd2153acccbc4c07bd') in 0.017434 seconds 
========================================================================
Received Import Request.
  Time since last request: 0.290372 seconds.
  path: Assets/Assets/PlayStage/PlayStageHendecagon.png
  artifactKey: Guid(705dd15db187c964a9773be6a8625d71) Importer(815301076,1909f56bfc062723c751e8b465ee728b)
Start importing Assets/Assets/PlayStage/PlayStageHendecagon.png using Guid(705dd15db187c964a9773be6a8625d71) Importer(815301076,1909f56bfc062723c751e8b465ee728b)  -> (artifact id: '3b4d14884c42570a4081f2e738b68142') in 0.014429 seconds 
========================================================================
Received Import Request.
  Time since last request: 0.676854 seconds.
  path: Assets/Assets/PlayStage/PlayStageIcosagon.png
  artifactKey: Guid(4d8b1a4edd82f594abaec628c381928f) Importer(815301076,1909f56bfc062723c751e8b465ee728b)
Start importing Assets/Assets/PlayStage/PlayStageIcosagon.png using Guid(4d8b1a4edd82f594abaec628c381928f) Importer(815301076,1909f56bfc062723c751e8b465ee728b)  -> (artifact id: '0875d9362d751f8bd97cfa13a3829bf2') in 0.022581 seconds 
========================================================================
Received Import Request.
  Time since last request: 0.599509 seconds.
  path: Assets/Assets/PlayStage/PlayStageOctadecagon.png
  artifactKey: Guid(61674b891429e1646ae4846b6b4c3848) Importer(815301076,1909f56bfc062723c751e8b465ee728b)
Start importing Assets/Assets/PlayStage/PlayStageOctadecagon.png using Guid(61674b891429e1646ae4846b6b4c3848) Importer(815301076,1909f56bfc062723c751e8b465ee728b)  -> (artifact id: 'c52cce1db1d5009cc433b9f775f9dc55') in 0.024234 seconds 
========================================================================
Received Import Request.
  Time since last request: 0.223199 seconds.
  path: Assets/Assets/PlayStage/PlayStageOctagon.png
  artifactKey: Guid(bb210d456e3c7f24ab981cbbcc48baab) Importer(815301076,1909f56bfc062723c751e8b465ee728b)
Start importing Assets/Assets/PlayStage/PlayStageOctagon.png using Guid(bb210d456e3c7f24ab981cbbcc48baab) Importer(815301076,1909f56bfc062723c751e8b465ee728b)  -> (artifact id: '589a7b857625b816b8599acc3755ec16') in 0.023582 seconds 
========================================================================
Received Import Request.
  Time since last request: 1.024231 seconds.
  path: Assets/Assets/PlayStage/PlayStageTetradecagon.png
  artifactKey: Guid(1a1184ad519ab5a409c4dedd92757a19) Importer(815301076,1909f56bfc062723c751e8b465ee728b)
Start importing Assets/Assets/PlayStage/PlayStageTetradecagon.png using Guid(1a1184ad519ab5a409c4dedd92757a19) Importer(815301076,1909f56bfc062723c751e8b465ee728b)  -> (artifact id: 'de2e0a5085b8ed2876eca421d837ba6f') in 0.024111 seconds 
========================================================================
Received Import Request.
  Time since last request: 1.330126 seconds.
  path: Assets/Assets/PlayStage/PlayStageTridecagon.png
  artifactKey: Guid(1e0f8c9044baa7d47bb85d6a04f137a8) Importer(815301076,1909f56bfc062723c751e8b465ee728b)
Start importing Assets/Assets/PlayStage/PlayStageTridecagon.png using Guid(1e0f8c9044baa7d47bb85d6a04f137a8) Importer(815301076,1909f56bfc062723c751e8b465ee728b)  -> (artifact id: 'e8e95130342e16e0253665d2c7867903') in 0.023653 seconds 
========================================================================
Received Import Request.
  Time since last request: 5.246035 seconds.
  path: Assets/Assets/PlayStage/PlayStageEnneadecagon.png
  artifactKey: Guid(9e3a263d4a6104d4e91fd49a5c092475) Importer(815301076,1909f56bfc062723c751e8b465ee728b)
Start importing Assets/Assets/PlayStage/PlayStageEnneadecagon.png using Guid(9e3a263d4a6104d4e91fd49a5c092475) Importer(815301076,1909f56bfc062723c751e8b465ee728b)  -> (artifact id: '44787d954cffc6a02dd5aa611d0158e1') in 0.022412 seconds 
========================================================================
Received Import Request.
  Time since last request: 190.494561 seconds.
  path: Assets/Assets/PlayStage/PlayStageMonogon.png
  artifactKey: Guid(8728bf33e06a4f04292189e6f1f8d87f) Importer(815301076,1909f56bfc062723c751e8b465ee728b)
Start importing Assets/Assets/PlayStage/PlayStageMonogon.png using Guid(8728bf33e06a4f04292189e6f1f8d87f) Importer(815301076,1909f56bfc062723c751e8b465ee728b)  -> (artifact id: '4a487cfd7362424ff939a8524e2f55ee') in 0.024789 seconds 
========================================================================
Received Import Request.
  Time since last request: 606.409255 seconds.
  path: Assets
  artifactKey: Guid(00000000000000001000000000000000) Importer(815301076,1909f56bfc062723c751e8b465ee728b)
Start importing Assets using Guid(00000000000000001000000000000000) Importer(815301076,1909f56bfc062723c751e8b465ee728b)  -> (artifact id: '42d402b061de3733987d63b9cc3b64de') in 0.007261 seconds 
========================================================================
Received Import Request.
  Time since last request: 4.857646 seconds.
  path: Assets/Assets/Player
  artifactKey: Guid(ab28222376efd004f9f296c8a210e269) Importer(815301076,1909f56bfc062723c751e8b465ee728b)
Start importing Assets/Assets/Player using Guid(ab28222376efd004f9f296c8a210e269) Importer(815301076,1909f56bfc062723c751e8b465ee728b)  -> (artifact id: '89ca08fc2f8a4c95eaf14bd956ad6216') in 0.008685 seconds 
========================================================================
Received Prepare
Registering precompiled user dll's ...
Registered in 0.002597 seconds.
Begin MonoManager ReloadAssembly
Native extension for WindowsStandalone target not found
Refreshing native plugins compatible for Editor in 0.43 ms, found 3 plugins.
Preloading 0 native plugins for Editor in 0.00 ms.
Mono: successfully reloaded assembly
- Completed reload, in  0.974 seconds
Domain Reload Profiling:
	ReloadAssembly (974ms)
		BeginReloadAssembly (119ms)
			ExecutionOrderSort (0ms)
			DisableScriptedObjects (5ms)
			BackupInstance (0ms)
			ReleaseScriptingObjects (0ms)
			CreateAndSetChildDomain (40ms)
		EndReloadAssembly (791ms)
			LoadAssemblies (92ms)
			RebuildTransferFunctionScriptingTraits (0ms)
			SetupTypeCache (259ms)
			ReleaseScriptCaches (1ms)
			RebuildScriptCaches (50ms)
			SetupLoadedEditorAssemblies (306ms)
				LogAssemblyErrors (0ms)
				InitializePlatformSupportModulesInManaged (3ms)
				SetLoadedEditorAssemblies (0ms)
				RefreshPlugins (0ms)
				BeforeProcessingInitializeOnLoad (90ms)
				ProcessInitializeOnLoadAttributes (194ms)
				ProcessInitializeOnLoadMethodAttributes (12ms)
				AfterProcessingInitializeOnLoad (6ms)
				EditorAssembliesLoaded (0ms)
			ExecutionOrderSort2 (0ms)
			AwakeInstancesAfterBackupRestoration (9ms)
Platform modules already initialized, skipping
Refreshing native plugins compatible for Editor in 0.63 ms, found 3 plugins.
Preloading 0 native plugins for Editor in 0.00 ms.
Unloading 2191 Unused Serialized files (Serialized files now loaded: 0)
System memory in use before: 101.6 MB.
System memory in use after: 101.5 MB.

Unloading 20 unused Assets to reduce memory usage. Loaded Objects now: 2644.
Total: 3.540800 ms (FindLiveObjects: 0.173300 ms CreateObjectMapping: 0.048200 ms MarkObjects: 3.177900 ms  DeleteObjects: 0.140300 ms)

AssetImportParameters requested are different than current active one (requested -> active):
  custom:framework-win-MediaFoundation: 216162199b28c13a410421893ffa2e32 -> 
  custom:video-decoder-ogg-theora: a1e56fd34408186e4bbccfd4996cb3dc -> 
  custom:container-muxer-webm: aa71ff27fc2769a1b78a27578f13a17b -> 
  custom:container-demuxer-webm: 4f35f7cbe854078d1ac9338744f61a02 -> 
  custom:container-demuxer-ogg: 62fdf1f143b41e24485cea50d1cbac27 -> 
  custom:video-encoder-webm-vp8: eb34c28f22e8b96e1ab97ce403110664 -> 
  custom:video-codec-MediaFoundation-h265: 746d11721c4dcdbdad8f713fa42b33f4 -> 
  custom:video-decoder-webm-vp8: 9c59270c3fd7afecdb556c50c9e8de78 -> 
  custom:audio-decoder-ogg-vorbis: bf7c407c2cedff20999df2af8eb42d56 -> 
  custom:audio-encoder-webm-vorbis: bf7c407c2cedff20999df2af8eb42d56 -> 
========================================================================
Received Import Request.
  Time since last request: 452.975685 seconds.
  path: Assets/Scenes/Stage01.unity
  artifactKey: Guid(2cda990e2423bbf4892e6590ba056729) Importer(815301076,1909f56bfc062723c751e8b465ee728b)
Start importing Assets/Scenes/Stage01.unity using Guid(2cda990e2423bbf4892e6590ba056729) Importer(815301076,1909f56bfc062723c751e8b465ee728b)  -> (artifact id: 'ca891815a9bab893476e9ceaf1e162da') in 0.016307 seconds 
========================================================================
Received Import Request.
  Time since last request: 0.611540 seconds.
  path: Assets/Scenes/Stage01 1.unity
  artifactKey: Guid(dd1b3dc99f04de34a991cb5683734a4d) Importer(815301076,1909f56bfc062723c751e8b465ee728b)
Start importing Assets/Scenes/Stage01 1.unity using Guid(dd1b3dc99f04de34a991cb5683734a4d) Importer(815301076,1909f56bfc062723c751e8b465ee728b)  -> (artifact id: '4342118f67c1fd856ce20f46127936f3') in 0.006864 seconds 
========================================================================
Received Import Request.
  Time since last request: 8.560586 seconds.
  path: Assets/Scenes/StageTutorial.unity
  artifactKey: Guid(dd1b3dc99f04de34a991cb5683734a4d) Importer(815301076,1909f56bfc062723c751e8b465ee728b)
Start importing Assets/Scenes/StageTutorial.unity using Guid(dd1b3dc99f04de34a991cb5683734a4d) Importer(815301076,1909f56bfc062723c751e8b465ee728b)  -> (artifact id: '73a87259dbfbdcd81937104a39285e51') in 0.005668 seconds 
========================================================================
Received Import Request.
  Time since last request: 300.733056 seconds.
  path: Assets/Scenes/StageTutorial.unity
  artifactKey: Guid(dd1b3dc99f04de34a991cb5683734a4d) Importer(815301076,1909f56bfc062723c751e8b465ee728b)
Start importing Assets/Scenes/StageTutorial.unity using Guid(dd1b3dc99f04de34a991cb5683734a4d) Importer(815301076,1909f56bfc062723c751e8b465ee728b)  -> (artifact id: '7c92f566f68fc88c4a9f507117c97843') in 0.002989 seconds 
========================================================================
Received Import Request.
  Time since last request: 153.232590 seconds.
  path: Assets/Scenes/Stage01.unity
  artifactKey: Guid(2cda990e2423bbf4892e6590ba056729) Importer(815301076,1909f56bfc062723c751e8b465ee728b)
Start importing Assets/Scenes/Stage01.unity using Guid(2cda990e2423bbf4892e6590ba056729) Importer(815301076,1909f56bfc062723c751e8b465ee728b)  -> (artifact id: '668e9b3f52488300604e4a442fe0b4a7') in 0.003576 seconds 
========================================================================
Received Import Request.
  Time since last request: 79.023399 seconds.
  path: ProjectSettings/TagManager.asset
  artifactKey: Guid(00000000000000003000000000000000) Importer(815301076,1909f56bfc062723c751e8b465ee728b)
Start importing ProjectSettings/TagManager.asset using Guid(00000000000000003000000000000000) Importer(815301076,1909f56bfc062723c751e8b465ee728b)  -> (artifact id: '95df672b4aaba54310d34c83eef51bb8') in 0.008029 seconds 
========================================================================
Received Import Request.
  Time since last request: 92.536142 seconds.
  path: Assets/Scenes/StageTutorial.unity
  artifactKey: Guid(dd1b3dc99f04de34a991cb5683734a4d) Importer(815301076,1909f56bfc062723c751e8b465ee728b)
Start importing Assets/Scenes/StageTutorial.unity using Guid(dd1b3dc99f04de34a991cb5683734a4d) Importer(815301076,1909f56bfc062723c751e8b465ee728b)  -> (artifact id: '6186fcc8771d0c6b9bb5a2152e5c9215') in 0.003717 seconds 
========================================================================
Received Import Request.
  Time since last request: 0.730192 seconds.
  path: Assets/Scenes/StageTutorial 1.unity
  artifactKey: Guid(095e80d858d28ae4c934dd376bd7425c) Importer(815301076,1909f56bfc062723c751e8b465ee728b)
Start importing Assets/Scenes/StageTutorial 1.unity using Guid(095e80d858d28ae4c934dd376bd7425c) Importer(815301076,1909f56bfc062723c751e8b465ee728b)  -> (artifact id: '3c9e76be7f72721a960c7e447cb4c0e7') in 0.006919 seconds 
========================================================================
Received Import Request.
  Time since last request: 3.841647 seconds.
  path: Assets/Scenes/Stage01.unity
  artifactKey: Guid(095e80d858d28ae4c934dd376bd7425c) Importer(815301076,1909f56bfc062723c751e8b465ee728b)
Start importing Assets/Scenes/Stage01.unity using Guid(095e80d858d28ae4c934dd376bd7425c) Importer(815301076,1909f56bfc062723c751e8b465ee728b)  -> (artifact id: 'a0190c56545550d8c2605c28471597db') in 0.002057 seconds 
========================================================================
Received Import Request.
  Time since last request: 487.799773 seconds.
  path: Assets/Scenes/Stage01.unity
  artifactKey: Guid(095e80d858d28ae4c934dd376bd7425c) Importer(815301076,1909f56bfc062723c751e8b465ee728b)
Start importing Assets/Scenes/Stage01.unity using Guid(095e80d858d28ae4c934dd376bd7425c) Importer(815301076,1909f56bfc062723c751e8b465ee728b)  -> (artifact id: 'd57bbca896097aea2e67082603e07143') in 0.004027 seconds 
========================================================================
Received Import Request.
  Time since last request: 2.888625 seconds.
  path: Assets/Scenes/Stage01 1.unity
  artifactKey: Guid(ccee958f8f50efd48a95481dc06d0d5c) Importer(815301076,1909f56bfc062723c751e8b465ee728b)
Start importing Assets/Scenes/Stage01 1.unity using Guid(ccee958f8f50efd48a95481dc06d0d5c) Importer(815301076,1909f56bfc062723c751e8b465ee728b)  -> (artifact id: 'd1abe86db62decef3c7d19373d590cd0') in 0.002629 seconds 
========================================================================
Received Import Request.
  Time since last request: 3.528890 seconds.
  path: Assets/Scenes/Stage02.unity
  artifactKey: Guid(ccee958f8f50efd48a95481dc06d0d5c) Importer(815301076,1909f56bfc062723c751e8b465ee728b)
Start importing Assets/Scenes/Stage02.unity using Guid(ccee958f8f50efd48a95481dc06d0d5c) Importer(815301076,1909f56bfc062723c751e8b465ee728b)  -> (artifact id: 'b96900ea23511e93eaec31edbc928ea5') in 0.006504 seconds 
========================================================================
Received Import Request.
  Time since last request: 39.453986 seconds.
  path: Assets/Assets/PlayStage/PlayStagePentadecagon.png
  artifactKey: Guid(9604ddf42c7e26f49b691d9f8a23928d) Importer(815301076,1909f56bfc062723c751e8b465ee728b)
Start importing Assets/Assets/PlayStage/PlayStagePentadecagon.png using Guid(9604ddf42c7e26f49b691d9f8a23928d) Importer(815301076,1909f56bfc062723c751e8b465ee728b)  -> (artifact id: '4b6ca5f854de240404c53f8c8bb1de00') in 0.051621 seconds 
========================================================================
Received Import Request.
  Time since last request: 0.644004 seconds.
  path: Assets/Assets/PlayStage/PlayStageHexadecagon.png
  artifactKey: Guid(dea3fd12b8e2c12419081b7c5daf69dc) Importer(815301076,1909f56bfc062723c751e8b465ee728b)
Start importing Assets/Assets/PlayStage/PlayStageHexadecagon.png using Guid(dea3fd12b8e2c12419081b7c5daf69dc) Importer(815301076,1909f56bfc062723c751e8b465ee728b)  -> (artifact id: 'b873ecc21bf9a0fb572185092bce95ac') in 0.014758 seconds 
========================================================================
Received Import Request.
  Time since last request: 37.908578 seconds.
  path: Assets/Assets/Player/PlayerApeirogon.png
  artifactKey: Guid(449075dcaba6c8341a8dbc0b69a72d40) Importer(815301076,1909f56bfc062723c751e8b465ee728b)
Start importing Assets/Assets/Player/PlayerApeirogon.png using Guid(449075dcaba6c8341a8dbc0b69a72d40) Importer(815301076,1909f56bfc062723c751e8b465ee728b)  -> (artifact id: 'f6ad3cd5e3cadeaf07c07e1c3e31e1ff') in 0.021046 seconds 
========================================================================
Received Import Request.
  Time since last request: 1.183134 seconds.
  path: Assets/Assets/Player/PlayerTetradecagon.png
  artifactKey: Guid(20ef7022c950ed64e8fd71bfdb995222) Importer(815301076,1909f56bfc062723c751e8b465ee728b)
Start importing Assets/Assets/Player/PlayerTetradecagon.png using Guid(20ef7022c950ed64e8fd71bfdb995222) Importer(815301076,1909f56bfc062723c751e8b465ee728b)  -> (artifact id: '5403a1ec4a91e6313ce373b3ccea987f') in 0.019669 seconds 
========================================================================
Received Import Request.
  Time since last request: 25.421674 seconds.
  path: Assets/Assets/Player/PlayerTetradecagon.png
  artifactKey: Guid(20ef7022c950ed64e8fd71bfdb995222) Importer(815301076,1909f56bfc062723c751e8b465ee728b)
Start importing Assets/Assets/Player/PlayerTetradecagon.png using Guid(20ef7022c950ed64e8fd71bfdb995222) Importer(815301076,1909f56bfc062723c751e8b465ee728b)  -> (artifact id: '43f411e00b5c4212e46e92cfb4d2792a') in 0.011006 seconds 
========================================================================
Received Import Request.
  Time since last request: 9.946191 seconds.
  path: Assets/Assets/Player/PlayerTridecagon.png
  artifactKey: Guid(40b0371c646805c448e0bb0bc92846a2) Importer(815301076,1909f56bfc062723c751e8b465ee728b)
Start importing Assets/Assets/Player/PlayerTridecagon.png using Guid(40b0371c646805c448e0bb0bc92846a2) Importer(815301076,1909f56bfc062723c751e8b465ee728b)  -> (artifact id: '7d375d1259ed371e73194333d13f3c16') in 0.024407 seconds 
========================================================================
Received Import Request.
  Time since last request: 0.570084 seconds.
  path: Assets/Assets/Player/PlayerQuadrilateral.png
  artifactKey: Guid(5f91b7cb354a6cd4b8b53b1d46a83a07) Importer(815301076,1909f56bfc062723c751e8b465ee728b)
Start importing Assets/Assets/Player/PlayerQuadrilateral.png using Guid(5f91b7cb354a6cd4b8b53b1d46a83a07) Importer(815301076,1909f56bfc062723c751e8b465ee728b)  -> (artifact id: '7dfa5e76553e36fcdd77106947f7e8d3') in 0.030258 seconds 
========================================================================
Received Import Request.
  Time since last request: 1.067336 seconds.
  path: Assets/Assets/Player/PlayerNonagon.png
  artifactKey: Guid(996e50fea8ff28e4cb606a89e9dfed97) Importer(815301076,1909f56bfc062723c751e8b465ee728b)
Start importing Assets/Assets/Player/PlayerNonagon.png using Guid(996e50fea8ff28e4cb606a89e9dfed97) Importer(815301076,1909f56bfc062723c751e8b465ee728b)  -> (artifact id: '903a8c10f6e4867199261f5623170e84') in 0.021900 seconds 
========================================================================
Received Import Request.
  Time since last request: 3.741846 seconds.
  path: Assets/Assets/PlayStage/PlayStageMonogon.png
  artifactKey: Guid(8728bf33e06a4f04292189e6f1f8d87f) Importer(815301076,1909f56bfc062723c751e8b465ee728b)
Start importing Assets/Assets/PlayStage/PlayStageMonogon.png using Guid(8728bf33e06a4f04292189e6f1f8d87f) Importer(815301076,1909f56bfc062723c751e8b465ee728b)  -> (artifact id: '5e50569b21e58fbf5f15f2093261ceb9') in 0.024969 seconds 
========================================================================
Received Import Request.
  Time since last request: 24.653909 seconds.
  path: Assets/Assets/PlayStage/PlayStageMonogon.png
  artifactKey: Guid(8728bf33e06a4f04292189e6f1f8d87f) Importer(815301076,1909f56bfc062723c751e8b465ee728b)
Start importing Assets/Assets/PlayStage/PlayStageMonogon.png using Guid(8728bf33e06a4f04292189e6f1f8d87f) Importer(815301076,1909f56bfc062723c751e8b465ee728b)  -> (artifact id: '61f9576e92841b0f65ce1646e6bb5d76') in 0.011057 seconds 
========================================================================
Received Import Request.
  Time since last request: 7.795549 seconds.
  path: Assets/Assets/PlayStage/PlayStageDigon.png
  artifactKey: Guid(a917b029f02ba754e970446f1180d9ce) Importer(815301076,1909f56bfc062723c751e8b465ee728b)
Start importing Assets/Assets/PlayStage/PlayStageDigon.png using Guid(a917b029f02ba754e970446f1180d9ce) Importer(815301076,1909f56bfc062723c751e8b465ee728b)  -> (artifact id: '8f1319902ad790de633117862adcc6ba') in 0.016118 seconds 
========================================================================
Received Import Request.
  Time since last request: 45.548926 seconds.
  path: Assets/Assets/PlayStage/PlayStageDigon.png
  artifactKey: Guid(a917b029f02ba754e970446f1180d9ce) Importer(815301076,1909f56bfc062723c751e8b465ee728b)
Start importing Assets/Assets/PlayStage/PlayStageDigon.png using Guid(a917b029f02ba754e970446f1180d9ce) Importer(815301076,1909f56bfc062723c751e8b465ee728b)  -> (artifact id: '141e93922d8bf67d7c2930a1740f1244') in 0.009416 seconds 
========================================================================
Received Import Request.
  Time since last request: 63.466579 seconds.
  path: Assets/Assets/PlayStage/PlayStageDigon.png
  artifactKey: Guid(a917b029f02ba754e970446f1180d9ce) Importer(815301076,1909f56bfc062723c751e8b465ee728b)
Start importing Assets/Assets/PlayStage/PlayStageDigon.png using Guid(a917b029f02ba754e970446f1180d9ce) Importer(815301076,1909f56bfc062723c751e8b465ee728b)  -> (artifact id: '4ff0eec5bf023ffda6d96bada2d62b09') in 0.006545 seconds 
========================================================================
Received Import Request.
  Time since last request: 10.643001 seconds.
  path: Assets/Scenes/Stage02.unity
  artifactKey: Guid(ccee958f8f50efd48a95481dc06d0d5c) Importer(815301076,1909f56bfc062723c751e8b465ee728b)
Start importing Assets/Scenes/Stage02.unity using Guid(ccee958f8f50efd48a95481dc06d0d5c) Importer(815301076,1909f56bfc062723c751e8b465ee728b)  -> (artifact id: '77242fffb21aeb21fce36e397919a3e6') in 0.003160 seconds 
========================================================================
Received Import Request.
  Time since last request: 89.806737 seconds.
  path: Assets/Scenes/Stage01.unity
  artifactKey: Guid(095e80d858d28ae4c934dd376bd7425c) Importer(815301076,1909f56bfc062723c751e8b465ee728b)
Start importing Assets/Scenes/Stage01.unity using Guid(095e80d858d28ae4c934dd376bd7425c) Importer(815301076,1909f56bfc062723c751e8b465ee728b)  -> (artifact id: '2c63dec4152ad160e616eaa60e6b25bf') in 0.003283 seconds 
========================================================================
Received Import Request.
  Time since last request: 44.140236 seconds.
  path: Assets/Scenes/Stage02.unity
  artifactKey: Guid(ccee958f8f50efd48a95481dc06d0d5c) Importer(815301076,1909f56bfc062723c751e8b465ee728b)
Start importing Assets/Scenes/Stage02.unity using Guid(ccee958f8f50efd48a95481dc06d0d5c) Importer(815301076,1909f56bfc062723c751e8b465ee728b)  -> (artifact id: '543ba8a4a08f58c77c7c263cc351e589') in 0.002841 seconds 
AssetImportWorkerClient::OnTransportError - code=2 error=End of file
